[2023-03-0308:08:01] [ INFO ] [CategoriaService:30] Se creo una nueva categoria: Departamento
[2023-03-0308:08:39] [ INFO ] [CategoriaService:30] Se creo una nueva categoria: Casa
[2023-03-0308:08:57] [ INFO ] [CategoriaService:30] Se creo una nueva categoria: Country
[2023-03-0309:42:05] [ INFO ] [CategoriaService:30] Se creo una nueva categoria: casa grande
[2023-03-0309:43:40] [ INFO ] [CategoriaService:30] Se creo una nueva categoria: Departamento
[2023-03-0309:43:54] [ INFO ] [CategoriaService:30] Se creo una nueva categoria: Casa
[2023-03-0309:44:13] [ INFO ] [CategoriaService:30] Se creo una nueva categoria: Country
[2023-03-0309:54:50] [ INFO ] [ProductoService:27] Se creo un nuevo producto: depa en la ciudad
[2023-03-0309:58:48] [ ERROR] [ProductoService:22] Ya existe una producto con el nombre: depa en la ciudad
[2023-03-0309:59:04] [ INFO ] [ProductoService:27] Se creo un nuevo producto: casa quinta
[2023-03-0312:03:01] [ INFO ] [ProductoService:54] La tabla Producto no tiene registros
[2023-03-0312:03:27] [ INFO ] [ProductoService:54] La tabla Producto no tiene registros
[2023-03-0312:04:48] [ INFO ] [ProductoService:54] La tabla Producto no tiene registros
[2023-03-0312:16:55] [ INFO ] [ProductoService:54] La tabla Producto no tiene registros
[2023-03-0312:21:02] [ INFO ] [ProductoService:54] La tabla Producto no tiene registros
[2023-03-0312:53:52] [ INFO ] [ProductoService:54] La tabla Producto no tiene registros
[2023-03-2215:24:58] [ INFO ] [ProductoService:126] No hay registro de productos en esa ciudad  y fechas 
[2023-03-2918:58:44] [ INFO ] [ProductoService:50] Se creo una nueva reserva
[2023-03-2918:59:44] [ ERROR] [ProductoService:45] No existe un usuario con el email:brunito234@hotmail.com
[2023-03-2918:59:58] [ INFO ] [ProductoService:50] Se creo una nueva reserva
[2023-03-3017:20:42] [ INFO ] [ProductoService:48] Se creo un nuevo producto: deptko 705
[2023-03-3017:28:35] [ ERROR] [ProductoService:151] Ya existe un producto con el titulo: deptko 705
[2023-03-3017:29:27] [ ERROR] [ProductoService:151] Ya existe un producto con el titulo: deptko 705
[2023-03-3019:52:05] [ INFO ] [ProductoService:48] Se creo un nuevo producto: deptko 705
[2023-03-3021:23:58] [ ERROR] [ProductoService:147] No existe un registro para editar en la tabla Producto con el id: 13
[2023-03-3021:24:30] [ INFO ] [ProductoService:170] Se modifico el registro con el id: 12 de la tabla Producto
[2023-03-3021:35:11] [ INFO ] [ProductoService:171] Se modifico el registro con el id: 12 de la tabla Producto
[2023-04-0423:33:01] [ INFO ] [ProductoService:177] Se modifico el registro con el id: 8 de la tabla Producto
[2023-04-1003:40:26] [ INFO ] [ProductoService:57] Se creo un nuevo producto: Hotel Hilton
[2023-04-1007:59:25] [ INFO ] [ProductoService:200] Se modifico el registro con el id: 27 de la tabla Producto
